# JRE version: Java(TM) SE Runtime Environment (17.0.10+11) (build 17.0.10+11-LTS-240)
# Java VM: Java HotSpot(TM) 64-Bit Server VM (17.0.10+11-LTS-240, mixed mode, emulated-client, sharing, tiered, compressed oops, compressed class ptrs, g1 gc, windows-amd64)
GC Precious Log:
 CPUs: 12 total, 12 available
 Memory: 7865M
 Large Page Support: Disabled
 NUMA Support: Disabled
 Compressed Oops: Enabled (32-bit)
 Heap Region Size: 1M
 Heap Min Capacity: 8M
 Heap Initial Capacity: 124M
 Heap Max Capacity: 1968M
 Pre-touch: Disabled
 Parallel Workers: 10
 Concurrent Workers: 3
 Concurrent Refinement Workers: 10
 Periodic GC: Disabled
Heap:
 garbage-first heap   total 167936K, used 113322K [0x0000000085000000, 0x0000000100000000)
  region size 1024K, 58 young (59392K), 9 survivors (9216K)
 Metaspace       used 120095K, committed 121024K, reserved 1179648K
  class space    used 16024K, committed 16448K, reserved 1048576K
GC Heap History (20 events):
Event: 3223.277 GC heap before
{Heap before GC invocations=204 (full 10):
 garbage-first heap   total 174080K, used 146874K [0x0000000085000000, 0x0000000100000000)
  region size 1024K, 79 young (80896K), 1 survivors (1024K)
 Metaspace       used 117684K, committed 120192K, reserved 1179648K
  class space    used 15805K, committed 16448K, reserved 1048576K
}
Event: 3223.279 GC heap after
{Heap after GC invocations=205 (full 10):
 garbage-first heap   total 174080K, used 66701K [0x0000000085000000, 0x0000000100000000)
  region size 1024K, 1 young (1024K), 1 survivors (1024K)
 Metaspace       used 117684K, committed 120192K, reserved 1179648K
  class space    used 15805K, committed 16448K, reserved 1048576K
}
Event: 3226.684 GC heap before
{Heap before GC invocations=205 (full 10):
 garbage-first heap   total 174080K, used 73869K [0x0000000085000000, 0x0000000100000000)
  region size 1024K, 8 young (8192K), 1 survivors (1024K)
 Metaspace       used 117684K, committed 120192K, reserved 1179648K
  class space    used 15805K, committed 16448K, reserved 1048576K
}
Event: 3226.687 GC heap after
{Heap after GC invocations=206 (full 10):
 garbage-first heap   total 174080K, used 65372K [0x0000000085000000, 0x0000000100000000)
  region size 1024K, 1 young (1024K), 1 survivors (1024K)
 Metaspace       used 117684K, committed 120192K, reserved 1179648K
  class space    used 15805K, committed 16448K, reserved 1048576K
}
Event: 3269.251 GC heap before
{Heap before GC invocations=206 (full 10):
 garbage-first heap   total 174080K, used 148316K [0x0000000085000000, 0x0000000100000000)
  region size 1024K, 82 young (83968K), 1 survivors (1024K)
 Metaspace       used 117684K, committed 120192K, reserved 1179648K
  class space    used 15805K, committed 16448K, reserved 1048576K
}
Event: 3269.253 GC heap after
{Heap after GC invocations=207 (full 10):
 garbage-first heap   total 174080K, used 65313K [0x0000000085000000, 0x0000000100000000)
  region size 1024K, 1 young (1024K), 1 survivors (1024K)
 Metaspace       used 117684K, committed 120192K, reserved 1179648K
  class space    used 15805K, committed 16448K, reserved 1048576K
}
Event: 3310.486 GC heap before
{Heap before GC invocations=208 (full 10):
 garbage-first heap   total 174080K, used 149281K [0x0000000085000000, 0x0000000100000000)
  region size 1024K, 83 young (84992K), 1 survivors (1024K)
 Metaspace       used 117594K, committed 120192K, reserved 1179648K
  class space    used 15787K, committed 16448K, reserved 1048576K
}
Event: 3310.489 GC heap after
{Heap after GC invocations=209 (full 10):
 garbage-first heap   total 174080K, used 65506K [0x0000000085000000, 0x0000000100000000)
  region size 1024K, 1 young (1024K), 1 survivors (1024K)
 Metaspace       used 117594K, committed 120192K, reserved 1179648K
  class space    used 15787K, committed 16448K, reserved 1048576K
}
Event: 3314.305 GC heap before
{Heap before GC invocations=209 (full 10):
 garbage-first heap   total 174080K, used 72674K [0x0000000085000000, 0x0000000100000000)
  region size 1024K, 8 young (8192K), 1 survivors (1024K)
 Metaspace       used 117594K, committed 120192K, reserved 1179648K
  class space    used 15787K, committed 16448K, reserved 1048576K
}
Event: 3314.308 GC heap after
{Heap after GC invocations=210 (full 10):
 garbage-first heap   total 174080K, used 59351K [0x0000000085000000, 0x0000000100000000)
  region size 1024K, 1 young (1024K), 1 survivors (1024K)
 Metaspace       used 117594K, committed 120192K, reserved 1179648K
  class space    used 15787K, committed 16448K, reserved 1048576K
}
Event: 3358.212 GC heap before
{Heap before GC invocations=210 (full 10):
 garbage-first heap   total 174080K, used 149463K [0x0000000085000000, 0x0000000100000000)
  region size 1024K, 89 young (91136K), 1 survivors (1024K)
 Metaspace       used 117594K, committed 120192K, reserved 1179648K
  class space    used 15787K, committed 16448K, reserved 1048576K
}
Event: 3358.215 GC heap after
{Heap after GC invocations=211 (full 10):
 garbage-first heap   total 174080K, used 59460K [0x0000000085000000, 0x0000000100000000)
  region size 1024K, 1 young (1024K), 1 survivors (1024K)
 Metaspace       used 117594K, committed 120192K, reserved 1179648K
  class space    used 15787K, committed 16448K, reserved 1048576K
}
Event: 3393.883 GC heap before
{Heap before GC invocations=212 (full 10):
 garbage-first heap   total 174080K, used 137284K [0x0000000085000000, 0x0000000100000000)
  region size 1024K, 78 young (79872K), 1 survivors (1024K)
 Metaspace       used 117596K, committed 120192K, reserved 1179648K
  class space    used 15788K, committed 16448K, reserved 1048576K
}
Event: 3393.962 GC heap after
{Heap after GC invocations=213 (full 11):
 garbage-first heap   total 167936K, used 47801K [0x0000000085000000, 0x0000000100000000)
  region size 1024K, 0 young (0K), 0 survivors (0K)
 Metaspace       used 117558K, committed 120192K, reserved 1179648K
  class space    used 15781K, committed 16448K, reserved 1048576K
}
Event: 3395.804 GC heap before
{Heap before GC invocations=213 (full 11):
 garbage-first heap   total 167936K, used 144057K [0x0000000085000000, 0x0000000100000000)
  region size 1024K, 94 young (96256K), 0 survivors (0K)
 Metaspace       used 118214K, committed 120192K, reserved 1179648K
  class space    used 15847K, committed 16448K, reserved 1048576K
}
Event: 3395.849 GC heap after
{Heap after GC invocations=214 (full 11):
 garbage-first heap   total 167936K, used 55370K [0x0000000085000000, 0x0000000100000000)
  region size 1024K, 8 young (8192K), 8 survivors (8192K)
 Metaspace       used 118214K, committed 120192K, reserved 1179648K
  class space    used 15847K, committed 16448K, reserved 1048576K
}
Event: 3396.801 GC heap before
{Heap before GC invocations=215 (full 11):
 garbage-first heap   total 167936K, used 138314K [0x0000000085000000, 0x0000000100000000)
  region size 1024K, 89 young (91136K), 8 survivors (8192K)
 Metaspace       used 119049K, committed 120192K, reserved 1179648K
  class space    used 15940K, committed 16448K, reserved 1048576K
}
Event: 3396.835 GC heap after
{Heap after GC invocations=216 (full 11):
 garbage-first heap   total 167936K, used 59162K [0x0000000085000000, 0x0000000100000000)
  region size 1024K, 5 young (5120K), 5 survivors (5120K)
 Metaspace       used 119049K, committed 120192K, reserved 1179648K
  class space    used 15940K, committed 16448K, reserved 1048576K
}
Event: 3397.730 GC heap before
{Heap before GC invocations=216 (full 11):
 garbage-first heap   total 167936K, used 138010K [0x0000000085000000, 0x0000000100000000)
  region size 1024K, 82 young (83968K), 5 survivors (5120K)
 Metaspace       used 119527K, committed 120448K, reserved 1179648K
  class space    used 15983K, committed 16448K, reserved 1048576K
}
Event: 3397.735 GC heap after
{Heap after GC invocations=217 (full 11):
 garbage-first heap   total 167936K, used 64170K [0x0000000085000000, 0x0000000100000000)
  region size 1024K, 9 young (9216K), 9 survivors (9216K)
 Metaspace       used 119527K, committed 120448K, reserved 1179648K
  class space    used 15983K, committed 16448K, reserved 1048576K
}

